cp: cannot create symbolic link `/mnt/win-hp/next_gene_seq_wind/ML350P/codes/apache2/mods-enabled/suexec.load': Operation not supported
cp: cannot create symbolic link `/mnt/win-hp/next_gene_seq_wind/ML350P/codes/apache2/mods-enabled/php5.load': Operation not supported
cp: cannot create symbolic link `/mnt/win-hp/next_gene_seq_wind/ML350P/codes/apache2/mods-enabled/authz_default.load': Operation not supported
cp: cannot create symbolic link `/mnt/win-hp/next_gene_seq_wind/ML350P/codes/apache2/mods-enabled/unique_id.load': Operation not supported
cp: cannot create symbolic link `/mnt/win-hp/next_gene_seq_wind/ML350P/codes/apache2/mods-enabled/authz_user.load': Operation not supported
cp: cannot create symbolic link `/mnt/win-hp/next_gene_seq_wind/ML350P/codes/apache2/mods-enabled/auth_digest.load': Operation not supported
cp: cannot create symbolic link `/mnt/win-hp/next_gene_seq_wind/ML350P/codes/apache2/mods-enabled/dir.conf': Operation not supported
cp: cannot create symbolic link `/mnt/win-hp/next_gene_seq_wind/ML350P/codes/apache2/mods-enabled/imagemap.load': Operation not supported
cp: cannot create symbolic link `/mnt/win-hp/next_gene_seq_wind/ML350P/codes/apache2/mods-enabled/cgid.load': Operation not supported
cp: cannot create symbolic link `/mnt/win-hp/next_gene_seq_wind/ML350P/codes/apache2/mods-enabled/rewrite.load': Operation not supported
cp: cannot create symbolic link `/mnt/win-hp/next_gene_seq_wind/ML350P/codes/apache2/mods-enabled/ldap.conf': Operation not supported
cp: cannot create symbolic link `/mnt/win-hp/next_gene_seq_wind/ML350P/codes/apache2/mods-enabled/setenvif.conf': Operation not supported
cp: cannot create symbolic link `/mnt/win-hp/next_gene_seq_wind/ML350P/codes/apache2/mods-enabled/status.load': Operation not supported
cp: cannot create symbolic link `/mnt/win-hp/next_gene_seq_wind/ML350P/codes/apache2/mods-enabled/autoindex.load': Operation not supported
cp: cannot create symbolic link `/mnt/win-hp/next_gene_seq_wind/ML350P/codes/apache2/mods-enabled/authn_alias.load': Operation not supported
cp: cannot create symbolic link `/mnt/win-hp/next_gene_seq_wind/ML350P/codes/apache2/mods-enabled/mime_magic.conf': Operation not supported
cp: cannot create symbolic link `/mnt/win-hp/next_gene_seq_wind/ML350P/codes/apache2/mods-enabled/proxy.conf': Operation not supported
cp: cannot create symbolic link `/mnt/win-hp/next_gene_seq_wind/ML350P/codes/apache2/mods-enabled/userdir.conf': Operation not supported
cp: cannot create symbolic link `/mnt/win-hp/next_gene_seq_wind/ML350P/codes/apache2/mods-enabled/dav_fs.load': Operation not supported
cp: cannot create symbolic link `/mnt/win-hp/next_gene_seq_wind/ML350P/codes/apache2/mods-enabled/auth_basic.load': Operation not supported
cp: cannot create symbolic link `/mnt/win-hp/next_gene_seq_wind/ML350P/codes/apache2/mods-enabled/mime.conf': Operation not supported
cp: cannot create symbolic link `/mnt/win-hp/next_gene_seq_wind/ML350P/codes/apache2/mods-enabled/mem_cache.conf': Operation not supported
cp: cannot create symbolic link `/mnt/win-hp/next_gene_seq_wind/ML350P/codes/apache2/mods-enabled/authn_file.load': Operation not supported
cp: cannot create symbolic link `/mnt/win-hp/next_gene_seq_wind/ML350P/codes/apache2/mods-enabled/filter.load': Operation not supported
cp: cannot create symbolic link `/mnt/win-hp/next_gene_seq_wind/ML350P/codes/apache2/mods-enabled/reqtimeout.load': Operation not supported
cp: cannot create symbolic link `/mnt/win-hp/next_gene_seq_wind/ML350P/codes/apache2/mods-enabled/deflate.conf': Operation not supported
cp: cannot create symbolic link `/mnt/win-hp/next_gene_seq_wind/ML350P/codes/apache2/mods-enabled/include.load': Operation not supported
cp: cannot create symbolic link `/mnt/win-hp/next_gene_seq_wind/ML350P/codes/apache2/mods-enabled/ldap.load': Operation not supported
cp: cannot create symbolic link `/mnt/win-hp/next_gene_seq_wind/ML350P/codes/apache2/mods-enabled/actions.conf': Operation not supported
cp: cannot create symbolic link `/mnt/win-hp/next_gene_seq_wind/ML350P/codes/apache2/mods-enabled/authz_groupfile.load': Operation not supported
cp: cannot create symbolic link `/mnt/win-hp/next_gene_seq_wind/ML350P/codes/apache2/mods-enabled/disk_cache.conf': Operation not supported
cp: cannot create symbolic link `/mnt/win-hp/next_gene_seq_wind/ML350P/codes/apache2/mods-enabled/proxy.load': Operation not supported
cp: cannot create symbolic link `/mnt/win-hp/next_gene_seq_wind/ML350P/codes/apache2/mods-enabled/dav.load': Operation not supported
cp: cannot create symbolic link `/mnt/win-hp/next_gene_seq_wind/ML350P/codes/apache2/mods-enabled/authz_dbm.load': Operation not supported
cp: cannot create symbolic link `/mnt/win-hp/next_gene_seq_wind/ML350P/codes/apache2/mods-enabled/php5.conf': Operation not supported
cp: cannot create symbolic link `/mnt/win-hp/next_gene_seq_wind/ML350P/codes/apache2/mods-enabled/dbd.load': Operation not supported
cp: cannot create symbolic link `/mnt/win-hp/next_gene_seq_wind/ML350P/codes/apache2/mods-enabled/file_cache.load': Operation not supported
cp: cannot create symbolic link `/mnt/win-hp/next_gene_seq_wind/ML350P/codes/apache2/mods-enabled/autoindex.conf': Operation not supported
cp: cannot create symbolic link `/mnt/win-hp/next_gene_seq_wind/ML350P/codes/apache2/mods-enabled/alias.conf': Operation not supported
cp: cannot create symbolic link `/mnt/win-hp/next_gene_seq_wind/ML350P/codes/apache2/mods-enabled/authn_anon.load': Operation not supported
cp: cannot create symbolic link `/mnt/win-hp/next_gene_seq_wind/ML350P/codes/apache2/mods-enabled/proxy_ajp.load': Operation not supported
cp: cannot create symbolic link `/mnt/win-hp/next_gene_seq_wind/ML350P/codes/apache2/mods-enabled/substitute.load': Operation not supported
cp: cannot create symbolic link `/mnt/win-hp/next_gene_seq_wind/ML350P/codes/apache2/mods-enabled/headers.load': Operation not supported
cp: cannot create symbolic link `/mnt/win-hp/next_gene_seq_wind/ML350P/codes/apache2/mods-enabled/authz_owner.load': Operation not supported
cp: cannot create symbolic link `/mnt/win-hp/next_gene_seq_wind/ML350P/codes/apache2/mods-enabled/cache.load': Operation not supported
cp: cannot create symbolic link `/mnt/win-hp/next_gene_seq_wind/ML350P/codes/apache2/mods-enabled/ssl.conf': Operation not supported
cp: cannot create symbolic link `/mnt/win-hp/next_gene_seq_wind/ML350P/codes/apache2/mods-enabled/ssl.load': Operation not supported
cp: cannot create symbolic link `/mnt/win-hp/next_gene_seq_wind/ML350P/codes/apache2/mods-enabled/dav_fs.conf': Operation not supported
cp: cannot create symbolic link `/mnt/win-hp/next_gene_seq_wind/ML350P/codes/apache2/mods-enabled/usertrack.load': Operation not supported
cp: cannot create symbolic link `/mnt/win-hp/next_gene_seq_wind/ML350P/codes/apache2/mods-enabled/proxy_scgi.load': Operation not supported
cp: cannot create symbolic link `/mnt/win-hp/next_gene_seq_wind/ML350P/codes/apache2/mods-enabled/ident.load': Operation not supported
cp: cannot create symbolic link `/mnt/win-hp/next_gene_seq_wind/ML350P/codes/apache2/mods-enabled/negotiation.conf': Operation not supported
cp: cannot create symbolic link `/mnt/win-hp/next_gene_seq_wind/ML350P/codes/apache2/mods-enabled/alias.load': Operation not supported
cp: cannot create symbolic link `/mnt/win-hp/next_gene_seq_wind/ML350P/codes/apache2/mods-enabled/info.conf': Operation not supported
cp: cannot create symbolic link `/mnt/win-hp/next_gene_seq_wind/ML350P/codes/apache2/mods-enabled/proxy_balancer.conf': Operation not supported
cp: cannot create symbolic link `/mnt/win-hp/next_gene_seq_wind/ML350P/codes/apache2/mods-enabled/proxy_balancer.load': Operation not supported
cp: cannot create symbolic link `/mnt/win-hp/next_gene_seq_wind/ML350P/codes/apache2/mods-enabled/mem_cache.load': Operation not supported
cp: cannot create symbolic link `/mnt/win-hp/next_gene_seq_wind/ML350P/codes/apache2/mods-enabled/proxy_ftp.conf': Operation not supported
cp: cannot create symbolic link `/mnt/win-hp/next_gene_seq_wind/ML350P/codes/apache2/mods-enabled/userdir.load': Operation not supported
cp: cannot create symbolic link `/mnt/win-hp/next_gene_seq_wind/ML350P/codes/apache2/mods-enabled/authn_dbm.load': Operation not supported
cp: cannot create symbolic link `/mnt/win-hp/next_gene_seq_wind/ML350P/codes/apache2/mods-enabled/proxy_connect.load': Operation not supported
cp: cannot create symbolic link `/mnt/win-hp/next_gene_seq_wind/ML350P/codes/apache2/mods-enabled/expires.load': Operation not supported
cp: cannot create symbolic link `/mnt/win-hp/next_gene_seq_wind/ML350P/codes/apache2/mods-enabled/authz_host.load': Operation not supported
cp: cannot create symbolic link `/mnt/win-hp/next_gene_seq_wind/ML350P/codes/apache2/mods-enabled/vhost_alias.load': Operation not supported
cp: cannot create symbolic link `/mnt/win-hp/next_gene_seq_wind/ML350P/codes/apache2/mods-enabled/reqtimeout.conf': Operation not supported
cp: cannot create symbolic link `/mnt/win-hp/next_gene_seq_wind/ML350P/codes/apache2/mods-enabled/speling.load': Operation not supported
cp: cannot create symbolic link `/mnt/win-hp/next_gene_seq_wind/ML350P/codes/apache2/mods-enabled/charset_lite.load': Operation not supported
cp: cannot create symbolic link `/mnt/win-hp/next_gene_seq_wind/ML350P/codes/apache2/mods-enabled/setenvif.load': Operation not supported
cp: cannot create symbolic link `/mnt/win-hp/next_gene_seq_wind/ML350P/codes/apache2/mods-enabled/proxy_http.load': Operation not supported
cp: cannot create symbolic link `/mnt/win-hp/next_gene_seq_wind/ML350P/codes/apache2/mods-enabled/asis.load': Operation not supported
cp: cannot create symbolic link `/mnt/win-hp/next_gene_seq_wind/ML350P/codes/apache2/mods-enabled/negotiation.load': Operation not supported
cp: cannot create symbolic link `/mnt/win-hp/next_gene_seq_wind/ML350P/codes/apache2/mods-enabled/env.load': Operation not supported
cp: cannot create symbolic link `/mnt/win-hp/next_gene_seq_wind/ML350P/codes/apache2/mods-enabled/authnz_ldap.load': Operation not supported
cp: cannot create symbolic link `/mnt/win-hp/next_gene_seq_wind/ML350P/codes/apache2/mods-enabled/dir.load': Operation not supported
cp: cannot create symbolic link `/mnt/win-hp/next_gene_seq_wind/ML350P/codes/apache2/mods-enabled/authn_default.load': Operation not supported
cp: cannot create symbolic link `/mnt/win-hp/next_gene_seq_wind/ML350P/codes/apache2/mods-enabled/actions.load': Operation not supported
cp: cannot create symbolic link `/mnt/win-hp/next_gene_seq_wind/ML350P/codes/apache2/mods-enabled/cgi.load': Operation not supported
cp: cannot create symbolic link `/mnt/win-hp/next_gene_seq_wind/ML350P/codes/apache2/mods-enabled/authn_dbd.load': Operation not supported
cp: cannot create symbolic link `/mnt/win-hp/next_gene_seq_wind/ML350P/codes/apache2/mods-enabled/mime_magic.load': Operation not supported
cp: cannot create symbolic link `/mnt/win-hp/next_gene_seq_wind/ML350P/codes/apache2/mods-enabled/disk_cache.load': Operation not supported
cp: cannot create symbolic link `/mnt/win-hp/next_gene_seq_wind/ML350P/codes/apache2/mods-enabled/dav_lock.load': Operation not supported
cp: cannot create symbolic link `/mnt/win-hp/next_gene_seq_wind/ML350P/codes/apache2/mods-enabled/mime.load': Operation not supported
cp: cannot create symbolic link `/mnt/win-hp/next_gene_seq_wind/ML350P/codes/apache2/mods-enabled/cern_meta.load': Operation not supported
cp: cannot create symbolic link `/mnt/win-hp/next_gene_seq_wind/ML350P/codes/apache2/mods-enabled/info.load': Operation not supported
cp: cannot create symbolic link `/mnt/win-hp/next_gene_seq_wind/ML350P/codes/apache2/mods-enabled/log_forensic.load': Operation not supported
cp: cannot create symbolic link `/mnt/win-hp/next_gene_seq_wind/ML350P/codes/apache2/mods-enabled/cgid.conf': Operation not supported
cp: cannot create symbolic link `/mnt/win-hp/next_gene_seq_wind/ML350P/codes/apache2/mods-enabled/ext_filter.load': Operation not supported
cp: cannot create symbolic link `/mnt/win-hp/next_gene_seq_wind/ML350P/codes/apache2/mods-enabled/proxy_ftp.load': Operation not supported
cp: cannot create symbolic link `/mnt/win-hp/next_gene_seq_wind/ML350P/codes/apache2/mods-enabled/dump_io.load': Operation not supported
cp: cannot create symbolic link `/mnt/win-hp/next_gene_seq_wind/ML350P/codes/apache2/mods-enabled/deflate.load': Operation not supported
cp: cannot create symbolic link `/mnt/win-hp/next_gene_seq_wind/ML350P/codes/apache2/mods-enabled/status.conf': Operation not supported
cp: cannot create symbolic link `/mnt/win-hp/next_gene_seq_wind/ML350P/codes/apache2/sites-enabled/000-default': Operation not supported
cp: cannot create regular file `/mnt/win-hp/next_gene_seq_wind/ML350P/genome_files/TCGA/2013-05-02T00:00:01-0700_data_manifest.tsv': No such file or directory
cp: cannot create regular file `/mnt/win-hp/next_gene_seq_wind/ML350P/genome_files/TCGA/2013-05-02T00:00:01-0700_summary_stats.tsv': No such file or directory
cp: cannot create regular file `/mnt/win-hp/next_gene_seq_wind/ML350P/genome_files/TCGA/2013-05-02T00:00:01-0700_all_uploads.tsv': No such file or directory
cp: cannot create directory `/mnt/win-hp/next_gene_seq_wind/ML350P/genome_files/fmi_sra/SRP028580: Related experiments_files': Input/output error
cp: cannot create directory `/mnt/win-hp/next_gene_seq_wind/ML350P/genome_files/fmi_sra/SRP028580: Related runs_files': Input/output error
cp: cannot create symbolic link `/mnt/win-hp/next_gene_seq_wind/ML350P/packages/TSVC-v4.2.1/variantCaller/pluginMedia/configs/somatic_low_stringency_proton.json': Operation not supported
cp: cannot create symbolic link `/mnt/win-hp/next_gene_seq_wind/ML350P/packages/TSVC-v4.2.1/variantCaller/pluginMedia/configs/somatic_high_stringency_proton.json': Operation not supported
cp: cannot create symbolic link `/mnt/win-hp/next_gene_seq_wind/ML350P/packages/TSVC-v4.2.1/variantCaller/pluginMedia/configs/somatic_low_stringency.json': Operation not supported
cp: cannot create symbolic link `/mnt/win-hp/next_gene_seq_wind/ML350P/packages/TSVC-v4.2.1/variantCaller/pluginMedia/configs/germline_low_stringency_targetseq.json': Operation not supported
cp: cannot create symbolic link `/mnt/win-hp/next_gene_seq_wind/ML350P/packages/TSVC-v4.2.1/variantCaller/pluginMedia/configs/germline_high_stringency_proton.json': Operation not supported
cp: cannot create symbolic link `/mnt/win-hp/next_gene_seq_wind/ML350P/packages/TSVC-v4.2.1/variantCaller/pluginMedia/configs/germline_high_stringency.json': Operation not supported
cp: cannot create symbolic link `/mnt/win-hp/next_gene_seq_wind/ML350P/packages/TSVC-v4.2.1/variantCaller/pluginMedia/configs/somatic_high_stringency.json': Operation not supported
cp: cannot create symbolic link `/mnt/win-hp/next_gene_seq_wind/ML350P/packages/TSVC-v4.2.1/variantCaller/pluginMedia/configs/germline_low_stringency.json': Operation not supported
cp: cannot create symbolic link `/mnt/win-hp/next_gene_seq_wind/ML350P/packages/TSVC-v4.2.1/variantCaller/pluginMedia/configs/germline_high_stringency_targetseq.json': Operation not supported
cp: cannot create symbolic link `/mnt/win-hp/next_gene_seq_wind/ML350P/packages/TSVC-v4.2.1/variantCaller/pluginMedia/configs/germline_low_stringency_proton.json': Operation not supported
cp: cannot create symbolic link `/mnt/win-hp/next_gene_seq_wind/ML350P/packages/Pindel_Oct15/pindel/demo/simulated_MEI/pindel': Operation not supported
cp: cannot create regular file `/mnt/win-hp/next_gene_seq_wind/ML350P/packages/Pindel_Oct15/webpages/gmt.genome.wustl.edu/res/css/main_sub.css?20150720140317': No such file or directory
cp: cannot create regular file `/mnt/win-hp/next_gene_seq_wind/ML350P/packages/Pindel_Oct15/webpages/gmt.genome.wustl.edu/res/css/main.css?20150720140317': No such file or directory
cp: cannot create regular file `/mnt/win-hp/next_gene_seq_wind/ML350P/packages/Pindel_Oct15/webpages/gmt.genome.wustl.edu/res/css/reset.css?20150720140317': No such file or directory
cp: cannot create symbolic link `/mnt/win-hp/next_gene_seq_wind/ML350P/packages/biopieces/biopieces/bp_bin/calc_density': Operation not supported
cp: cannot create symbolic link `/mnt/win-hp/next_gene_seq_wind/ML350P/packages/biopieces/biopieces/bp_bin/lowercase_seq': Operation not supported
cp: cannot create symbolic link `/mnt/win-hp/next_gene_seq_wind/ML350P/packages/tophat/tophatfusion/tophatfusion-0.1.0/src/tophat-fusion.py': Operation not supported
cp: cannot create symbolic link `/mnt/win-hp/next_gene_seq_wind/ML350P/packages/Pindel_0.2.5/pindel-master/demo/simulated_MEI/pindel': Operation not supported
cp: cannot create symbolic link `/mnt/win-hp/next_gene_seq_wind/ML350P/packages/ogap/ogap-master/bamtools/lib/libbamtools.so': Operation not supported
cp: cannot create symbolic link `/mnt/win-hp/next_gene_seq_wind/ML350P/packages/ogap/ogap-master/bamtools/bin/bamtools': Operation not supported
